Using pre-set license
Built from '2022.3/release' branch; Version is '2022.3.20f1 (61c2feb0970d) revision 6406910'; Using compiler version '192829333'; Build Type 'Release'
OS: 'Windows 10  (10.0.19045) 64bit Professional' Language: 'tr' Physical Memory: 8049 MB
BatchMode: 1, IsHumanControllingUs: 0, StartBugReporterOnCrash: 0, Is64bit: 1, IsPro: 1

COMMAND LINE ARGUMENTS:
D:\Unity\Hub\Editor\2022.3.20f1\Editor\Unity.exe
-adb2
-batchMode
-noUpm
-name
AssetImportWorker0
-projectPath
D:/Oyun GeliÅŸtirme Projeleri/PlatformOyunu
-logFile
Logs/AssetImportWorker0.log
-srvPort
55050
Successfully changed project path to: D:/Oyun GeliÅŸtirme Projeleri/PlatformOyunu
D:/Oyun GeliÅŸtirme Projeleri/PlatformOyunu
[UnityMemory] Configuration Parameters - Can be set up in boot.config
    "memorysetup-bucket-allocator-granularity=16"
    "memorysetup-bucket-allocator-bucket-count=8"
    "memorysetup-bucket-allocator-block-size=33554432"
    "memorysetup-bucket-allocator-block-count=8"
    "memorysetup-main-allocator-block-size=16777216"
    "memorysetup-thread-allocator-block-size=16777216"
    "memorysetup-gfx-main-allocator-block-size=16777216"
    "memorysetup-gfx-thread-allocator-block-size=16777216"
    "memorysetup-cache-allocator-block-size=4194304"
    "memorysetup-typetree-allocator-block-size=2097152"
    "memorysetup-profiler-bucket-allocator-granularity=16"
    "memorysetup-profiler-bucket-allocator-bucket-count=8"
    "memorysetup-profiler-bucket-allocator-block-size=33554432"
    "memorysetup-profiler-bucket-allocator-block-count=8"
    "memorysetup-profiler-allocator-block-size=16777216"
    "memorysetup-profiler-editor-allocator-block-size=1048576"
    "memorysetup-temp-allocator-size-main=16777216"
    "memorysetup-job-temp-allocator-block-size=2097152"
    "memorysetup-job-temp-allocator-block-size-background=1048576"
    "memorysetup-job-temp-allocator-reduction-small-platforms=262144"
    "memorysetup-allocator-temp-initial-block-size-main=262144"
    "memorysetup-allocator-temp-initial-block-size-worker=262144"
    "memorysetup-temp-allocator-size-background-worker=32768"
    "memorysetup-temp-allocator-size-job-worker=262144"
    "memorysetup-temp-allocator-size-preload-manager=33554432"
    "memorysetup-temp-allocator-size-nav-mesh-worker=65536"
    "memorysetup-temp-allocator-size-audio-worker=65536"
    "memorysetup-temp-allocator-size-cloud-worker=32768"
    "memorysetup-temp-allocator-size-gi-baking-worker=262144"
    "memorysetup-temp-allocator-size-gfx=262144"
Player connection [16580] Host "[IP] 192.168.18.139 [Port] 0 [Flags] 2 [Guid] 1823881004 [EditorId] 1823881004 [Version] 1048832 [Id] WindowsEditor(7,DESKTOP-OAC4TCU) [Debug] 1 [PackageName] WindowsEditor [ProjectName] Editor" joined multi-casting on [225.0.0.222:54997]...

Player connection [16580] Host "[IP] 192.168.18.139 [Port] 0 [Flags] 2 [Guid] 1823881004 [EditorId] 1823881004 [Version] 1048832 [Id] WindowsEditor(7,DESKTOP-OAC4TCU) [Debug] 1 [PackageName] WindowsEditor [ProjectName] Editor" joined alternative multi-casting on [225.0.0.222:34997]...

[Physics::Module] Initialized MultithreadedJobDispatcher with 11 workers.
Refreshing native plugins compatible for Editor in 55.12 ms, found 3 plugins.
Preloading 0 native plugins for Editor in 0.00 ms.
Initialize engine version: 2022.3.20f1 (61c2feb0970d)
[Subsystems] Discovering subsystems at path D:/Unity/Hub/Editor/2022.3.20f1/Editor/Data/Resources/UnitySubsystems
[Subsystems] Discovering subsystems at path D:/Oyun GeliÅŸtirme Projeleri/PlatformOyunu/Assets
GfxDevice: creating device client; threaded=0; jobified=0
Direct3D:
    Version:  Direct3D 11.0 [level 11.1]
    Renderer: NVIDIA GeForce GTX 1050 (ID=0x1c91)
    Vendor:   NVIDIA
    VRAM:     2996 MB
    Driver:   30.0.15.1289
Initialize mono
Mono path[0] = 'D:/Unity/Hub/Editor/2022.3.20f1/Editor/Data/Managed'
Mono path[1] = 'D:/Unity/Hub/Editor/2022.3.20f1/Editor/Data/MonoBleedingEdge/lib/mono/unityjit-win32'
Mono config path = 'D:/Unity/Hub/Editor/2022.3.20f1/Editor/Data/MonoBleedingEdge/etc'
Using monoOptions --debugger-agent=transport=dt_socket,embedding=1,server=y,suspend=n,address=127.0.0.1:56000
Begin MonoManager ReloadAssembly
Registering precompiled unity dll's ...
Register platform support module: D:/Unity/Hub/Editor/2022.3.20f1/Editor/Data/PlaybackEngines/AndroidPlayer/UnityEditor.Android.Extensions.dll
Register platform support module: D:/Unity/Hub/Editor/2022.3.20f1/Editor/Data/PlaybackEngines/WindowsStandaloneSupport/UnityEditor.WindowsStandalone.Extensions.dll
Registered in 0.010349 seconds.
- Loaded All Assemblies, in  0.783 seconds
Native extension for WindowsStandalone target not found
Native extension for Android target not found
Android Extension - Scanning For ADB Devices 466 ms
Mono: successfully reloaded assembly
- Finished resetting the current domain, in  0.988 seconds
Domain Reload Profiling: 1771ms
	BeginReloadAssembly (291ms)
		ExecutionOrderSort (0ms)
		DisableScriptedObjects (0ms)
		BackupInstance (0ms)
		ReleaseScriptingObjects (0ms)
		CreateAndSetChildDomain (1ms)
	RebuildCommonClasses (64ms)
	RebuildNativeTypeToScriptingClass (20ms)
	initialDomainReloadingComplete (96ms)
	LoadAllAssembliesAndSetupDomain (311ms)
		LoadAssemblies (292ms)
		RebuildTransferFunctionScriptingTraits (0ms)
		AnalyzeDomain (306ms)
			TypeCache.Refresh (303ms)
				TypeCache.ScanAssembly (279ms)
			ScanForSourceGeneratedMonoScriptInfo (1ms)
			ResolveRequiredComponents (1ms)
	FinalizeReload (988ms)
		ReleaseScriptCaches (0ms)
		RebuildScriptCaches (0ms)
		SetupLoadedEditorAssemblies (891ms)
			LogAssemblyErrors (0ms)
			InitializePlatformSupportModulesInManaged (630ms)
			SetLoadedEditorAssemblies (6ms)
			RefreshPlugins (0ms)
			BeforeProcessingInitializeOnLoad (3ms)
			ProcessInitializeOnLoadAttributes (176ms)
			ProcessInitializeOnLoadMethodAttributes (75ms)
			AfterProcessingInitializeOnLoad (0ms)
			EditorAssembliesLoaded (0ms)
		ExecutionOrderSort2 (0ms)
		AwakeInstancesAfterBackupRestoration (0ms)
========================================================================
Worker process is ready to serve import requests
Begin MonoManager ReloadAssembly
Symbol file LoadedFromMemory is not a mono symbol file
- Loaded All Assemblies, in  1.993 seconds
Refreshing native plugins compatible for Editor in 8.52 ms, found 3 plugins.
Native extension for WindowsStandalone target not found
Native extension for Android target not found
Package Manager log level set to [2]
[Package Manager] Server::EnsureServerProcessIsRunning -- launch failed, reason: Unity was launched with the -noUpm command-line argument
[Package Manager] UpmClient::Send -- Unable to send message (not connected to UPM process).
[Package Manager] Cannot connect to Unity Package Manager local server
Mirror | mirror-networking.com | discord.gg/N9QVxbM
UnityEngine.StackTraceUtility:ExtractStackTrace ()
UnityEngine.DebugLogHandler:LogFormat (UnityEngine.LogType,UnityEngine.Object,string,object[])
UnityEngine.Logger:Log (UnityEngine.LogType,object)
UnityEngine.Debug:Log (object)
Mirror.Welcome:OnInitializeOnLoad () (at Assets/Mirror/Editor/Welcome.cs:18)
System.Reflection.RuntimeMethodInfo:Invoke (object,System.Reflection.BindingFlags,System.Reflection.Binder,object[],System.Globalization.CultureInfo)
System.Reflection.MethodBase:Invoke (object,object[])
UnityEditor.EditorAssemblies:ProcessInitializeOnLoadMethodAttributes ()

(Filename: Assets/Mirror/Editor/Welcome.cs Line: 18)

Mono: successfully reloaded assembly
- Finished resetting the current domain, in  1.049 seconds
Domain Reload Profiling: 3046ms
	BeginReloadAssembly (224ms)
		ExecutionOrderSort (0ms)
		DisableScriptedObjects (8ms)
		BackupInstance (0ms)
		ReleaseScriptingObjects (0ms)
		CreateAndSetChildDomain (32ms)
	RebuildCommonClasses (62ms)
	RebuildNativeTypeToScriptingClass (17ms)
	initialDomainReloadingComplete (65ms)
	LoadAllAssembliesAndSetupDomain (1629ms)
		LoadAssemblies (927ms)
		RebuildTransferFunctionScriptingTraits (0ms)
		AnalyzeDomain (830ms)
			TypeCache.Refresh (752ms)
				TypeCache.ScanAssembly (496ms)
			ScanForSourceGeneratedMonoScriptInfo (57ms)
			ResolveRequiredComponents (16ms)
	FinalizeReload (1051ms)
		ReleaseScriptCaches (0ms)
		RebuildScriptCaches (0ms)
		SetupLoadedEditorAssemblies (759ms)
			LogAssemblyErrors (0ms)
			InitializePlatformSupportModulesInManaged (33ms)
			SetLoadedEditorAssemblies (5ms)
			RefreshPlugins (0ms)
			BeforeProcessingInitializeOnLoad (92ms)
			ProcessInitializeOnLoadAttributes (560ms)
			ProcessInitializeOnLoadMethodAttributes (61ms)
			AfterProcessingInitializeOnLoad (7ms)
			EditorAssembliesLoaded (0ms)
		ExecutionOrderSort2 (0ms)
		AwakeInstancesAfterBackupRestoration (11ms)
Launched and connected shader compiler UnityShaderCompiler.exe after 0.09 seconds
Refreshing native plugins compatible for Editor in 8.05 ms, found 3 plugins.
Preloading 0 native plugins for Editor in 0.00 ms.
Unloading 3489 Unused Serialized files (Serialized files now loaded: 0)
Unloading 41 unused Assets / (61.6 KB). Loaded Objects now: 3946.
Memory consumption went from 140.9 MB to 140.8 MB.
Total: 9.183700 ms (FindLiveObjects: 0.878600 ms CreateObjectMapping: 0.522000 ms MarkObjects: 7.061300 ms  DeleteObjects: 0.717400 ms)

AssetImportParameters requested are different than current active one (requested -> active):
  custom:container-demuxer-ogg: 62fdf1f143b41e24485cea50d1cbac27 -> 
  custom:video-decoder-ogg-theora: a1e56fd34408186e4bbccfd4996cb3dc -> 
  custom:framework-win-MediaFoundation: 216162199b28c13a410421893ffa2e32 -> 
  custom:CustomObjectIndexerAttribute: 6d391050e5a25f67b0a2c618074f2cd9 -> 
  custom:container-demuxer-webm: 4f35f7cbe854078d1ac9338744f61a02 -> 
  custom:container-muxer-webm: aa71ff27fc2769a1b78a27578f13a17b -> 
  custom:video-decoder-webm-vp8: 9c59270c3fd7afecdb556c50c9e8de78 -> 
  custom:SearchIndexIgnoredProperties: e643bd26f0fe6173181afceb89e7c659 -> 
  custom:AudioImporter_EditorPlatform: d09bf68614088b80899f8185d706f6e7 -> 
  custom:video-encoder-webm-vp8: eb34c28f22e8b96e1ab97ce403110664 -> 
  custom:audio-decoder-ogg-vorbis: bf7c407c2cedff20999df2af8eb42d56 -> 
  custom:audio-encoder-webm-vorbis: bf7c407c2cedff20999df2af8eb42d56 -> 
========================================================================
Received Import Request.
  Time since last request: 51036.270627 seconds.
  path: Assets/LowpolyStreetPack
  artifactKey: Guid(b95afbd9ef9eebf44bdac89fb48e8123) Importer(815301076,1909f56bfc062723c751e8b465ee728b)
Start importing Assets/LowpolyStreetPack using Guid(b95afbd9ef9eebf44bdac89fb48e8123) Importer(815301076,1909f56bfc062723c751e8b465ee728b)  -> (artifact id: '2a166effed3ee8cc321c8526f22005a4') in 0.004579 seconds
Number of updated asset objects reloaded before import = 0
Number of asset objects unloaded after import = 0
========================================================================
Received Import Request.
  Time since last request: 3.119994 seconds.
  path: Assets/LowpolyStreetPack/Prefabs
  artifactKey: Guid(36f3ab20372180545a19c39e4c8b10be) Importer(815301076,1909f56bfc062723c751e8b465ee728b)
Start importing Assets/LowpolyStreetPack/Prefabs using Guid(36f3ab20372180545a19c39e4c8b10be) Importer(815301076,1909f56bfc062723c751e8b465ee728b)  -> (artifact id: '5bce8b4ab54fe0a371bece51ca2fc820') in 0.000424 seconds
Number of updated asset objects reloaded before import = 0
Number of asset objects unloaded after import = 0
========================================================================
Received Import Request.
  Time since last request: 4.919646 seconds.
  path: Assets/LowpolyStreetPack/Prefabs/Foliage
  artifactKey: Guid(a51205dbf80893c41b7fce890177e0ad) Importer(815301076,1909f56bfc062723c751e8b465ee728b)
Start importing Assets/LowpolyStreetPack/Prefabs/Foliage using Guid(a51205dbf80893c41b7fce890177e0ad) Importer(815301076,1909f56bfc062723c751e8b465ee728b)  -> (artifact id: '7a5b0c37d042ac2dbb616d13bcbfd983') in 0.000495 seconds
Number of updated asset objects reloaded before import = 0
Number of asset objects unloaded after import = 0
========================================================================
Received Import Request.
  Time since last request: 3.622783 seconds.
  path: Assets/LowpolyStreetPack/Prefabs/Roads
  artifactKey: Guid(6a83f034350b1b247917c89d85f4b719) Importer(815301076,1909f56bfc062723c751e8b465ee728b)
Start importing Assets/LowpolyStreetPack/Prefabs/Roads using Guid(6a83f034350b1b247917c89d85f4b719) Importer(815301076,1909f56bfc062723c751e8b465ee728b)  -> (artifact id: '9846f7a15567f580556becb2e03b53a5') in 0.000622 seconds
Number of updated asset objects reloaded before import = 0
Number of asset objects unloaded after import = 0
========================================================================
Received Import Request.
  Time since last request: 1.664473 seconds.
  path: Assets/LowpolyStreetPack/Prefabs/Roads/Bridges
  artifactKey: Guid(b9727fd8e3bee4c4a968ea755b7e7354) Importer(815301076,1909f56bfc062723c751e8b465ee728b)
Start importing Assets/LowpolyStreetPack/Prefabs/Roads/Bridges using Guid(b9727fd8e3bee4c4a968ea755b7e7354) Importer(815301076,1909f56bfc062723c751e8b465ee728b)  -> (artifact id: 'f8066a4c215b803f533f2c6fca20c482') in 0.000596 seconds
Number of updated asset objects reloaded before import = 0
Number of asset objects unloaded after import = 0
========================================================================
Received Import Request.
  Time since last request: 2.201055 seconds.
  path: Assets/LowpolyStreetPack/Prefabs/Roads/Pavement
  artifactKey: Guid(d2d507e1ccb75b74eab82e7d67342744) Importer(815301076,1909f56bfc062723c751e8b465ee728b)
Start importing Assets/LowpolyStreetPack/Prefabs/Roads/Pavement using Guid(d2d507e1ccb75b74eab82e7d67342744) Importer(815301076,1909f56bfc062723c751e8b465ee728b)  -> (artifact id: '5c478a6793aa9b9d6187a3a0c20709e0') in 0.000689 seconds
Number of updated asset objects reloaded before import = 0
Number of asset objects unloaded after import = 0
========================================================================
Received Import Request.
  Time since last request: 1.071691 seconds.
  path: Assets/LowpolyStreetPack/Prefabs/Roads/Pavement/A
  artifactKey: Guid(3a87351d60c44c74691c0265bb1cfc13) Importer(815301076,1909f56bfc062723c751e8b465ee728b)
Start importing Assets/LowpolyStreetPack/Prefabs/Roads/Pavement/A using Guid(3a87351d60c44c74691c0265bb1cfc13) Importer(815301076,1909f56bfc062723c751e8b465ee728b)  -> (artifact id: '143259b16b78e008f452059c9b89dd87') in 0.000405 seconds
Number of updated asset objects reloaded before import = 0
Number of asset objects unloaded after import = 0
========================================================================
Received Import Request.
  Time since last request: 0.035675 seconds.
  path: Assets/LowpolyStreetPack/Prefabs/Roads/Pavement/A/Pavement_A_A.prefab
  artifactKey: Guid(a03d40a2119b00e4ea30a894ecfc5e25) Importer(815301076,1909f56bfc062723c751e8b465ee728b)
Start importing Assets/LowpolyStreetPack/Prefabs/Roads/Pavement/A/Pavement_A_A.prefab using Guid(a03d40a2119b00e4ea30a894ecfc5e25) Importer(815301076,1909f56bfc062723c751e8b465ee728b)  -> (artifact id: '5c9e9211c802d0786e596de284734e45') in 0.445414 seconds
Number of updated asset objects reloaded before import = 0
Number of asset objects unloaded after import = 10
========================================================================
Received Import Request.
  Time since last request: 0.000037 seconds.
  path: Assets/LowpolyStreetPack/Prefabs/Roads/Pavement/A/Pavement_A_C.prefab
  artifactKey: Guid(03981fb7db4564b4e88901011e37938d) Importer(815301076,1909f56bfc062723c751e8b465ee728b)
Start importing Assets/LowpolyStreetPack/Prefabs/Roads/Pavement/A/Pavement_A_C.prefab using Guid(03981fb7db4564b4e88901011e37938d) Importer(815301076,1909f56bfc062723c751e8b465ee728b)  -> (artifact id: '9860e868115459a591e0f588993aea1a') in 0.055721 seconds
Number of updated asset objects reloaded before import = 0
Number of asset objects unloaded after import = 10
========================================================================
Received Import Request.
  Time since last request: 2.654993 seconds.
  path: Assets/LowpolyStreetPack/Prefabs/Roads/Pavement/D
  artifactKey: Guid(5cbb1288b7048ff42aa67faf75be041d) Importer(815301076,1909f56bfc062723c751e8b465ee728b)
Start importing Assets/LowpolyStreetPack/Prefabs/Roads/Pavement/D using Guid(5cbb1288b7048ff42aa67faf75be041d) Importer(815301076,1909f56bfc062723c751e8b465ee728b)  -> (artifact id: '70864ce500d8b2b649323b9980c74f2a') in 0.001406 seconds
Number of updated asset objects reloaded before import = 0
Number of asset objects unloaded after import = 0
========================================================================
Received Import Request.
  Time since last request: 0.016389 seconds.
  path: Assets/LowpolyStreetPack/Prefabs/Roads/Pavement/D/Pavement_D_A.prefab
  artifactKey: Guid(d9c4aa6d84984de44aebc4e1755d35db) Importer(815301076,1909f56bfc062723c751e8b465ee728b)
Start importing Assets/LowpolyStreetPack/Prefabs/Roads/Pavement/D/Pavement_D_A.prefab using Guid(d9c4aa6d84984de44aebc4e1755d35db) Importer(815301076,1909f56bfc062723c751e8b465ee728b)  -> (artifact id: '72b500a5c16a3c3c4dd33d8b5954957e') in 0.068009 seconds
Number of updated asset objects reloaded before import = 0
Number of asset objects unloaded after import = 10
========================================================================
Received Import Request.
  Time since last request: 0.000053 seconds.
  path: Assets/LowpolyStreetPack/Prefabs/Roads/Pavement/D/Pavement_D_E.prefab
  artifactKey: Guid(f07850d3bd7e4c34a811a640a883ab6b) Importer(815301076,1909f56bfc062723c751e8b465ee728b)
Start importing Assets/LowpolyStreetPack/Prefabs/Roads/Pavement/D/Pavement_D_E.prefab using Guid(f07850d3bd7e4c34a811a640a883ab6b) Importer(815301076,1909f56bfc062723c751e8b465ee728b)  -> (artifact id: '017e4a16bae563a919a5d856437173b4') in 0.046665 seconds
Number of updated asset objects reloaded before import = 0
Number of asset objects unloaded after import = 10
========================================================================
Received Import Request.
  Time since last request: 0.000043 seconds.
  path: Assets/LowpolyStreetPack/Prefabs/Roads/Pavement/D/Pavement_D_D.prefab
  artifactKey: Guid(e46c7a3454f1f994f9ad3a0948236b50) Importer(815301076,1909f56bfc062723c751e8b465ee728b)
Start importing Assets/LowpolyStreetPack/Prefabs/Roads/Pavement/D/Pavement_D_D.prefab using Guid(e46c7a3454f1f994f9ad3a0948236b50) Importer(815301076,1909f56bfc062723c751e8b465ee728b)  -> (artifact id: '65f645b049c965da512ac3b0c3bb4623') in 0.044884 seconds
Number of updated asset objects reloaded before import = 0
Number of asset objects unloaded after import = 10
========================================================================
Received Import Request.
  Time since last request: 3.916528 seconds.
  path: Assets/LowpolyStreetPack/Prefabs/Roads/Streets/Road_BusStop_Double.prefab
  artifactKey: Guid(322024f0dcbad3543a02ed05c4e57894) Importer(815301076,1909f56bfc062723c751e8b465ee728b)
Start importing Assets/LowpolyStreetPack/Prefabs/Roads/Streets/Road_BusStop_Double.prefab using Guid(322024f0dcbad3543a02ed05c4e57894) Importer(815301076,1909f56bfc062723c751e8b465ee728b)  -> (artifact id: 'd7f84f90b726e65b6d50b1dd467612bc') in 0.086003 seconds
Number of updated asset objects reloaded before import = 0
Number of asset objects unloaded after import = 10
========================================================================
Received Import Request.
  Time since last request: 0.000039 seconds.
  path: Assets/LowpolyStreetPack/Prefabs/Roads/Streets/Road_Streight_C.prefab
  artifactKey: Guid(c8fd2f6b2033af643b3fbe62dba8316f) Importer(815301076,1909f56bfc062723c751e8b465ee728b)
Start importing Assets/LowpolyStreetPack/Prefabs/Roads/Streets/Road_Streight_C.prefab using Guid(c8fd2f6b2033af643b3fbe62dba8316f) Importer(815301076,1909f56bfc062723c751e8b465ee728b)  -> (artifact id: '585597bfd2dd9a410064dcd56278395e') in 0.060147 seconds
Number of updated asset objects reloaded before import = 0
Number of asset objects unloaded after import = 10
========================================================================
Received Import Request.
  Time since last request: 0.000041 seconds.
  path: Assets/LowpolyStreetPack/Prefabs/Roads/Streets/Road_Cross_C_A.prefab
  artifactKey: Guid(349b813d00b77df41b5431df22c4012c) Importer(815301076,1909f56bfc062723c751e8b465ee728b)
Start importing Assets/LowpolyStreetPack/Prefabs/Roads/Streets/Road_Cross_C_A.prefab using Guid(349b813d00b77df41b5431df22c4012c) Importer(815301076,1909f56bfc062723c751e8b465ee728b)  -> (artifact id: '552fdb4818f07defd765b9929db458ae') in 0.062840 seconds
Number of updated asset objects reloaded before import = 0
Number of asset objects unloaded after import = 10
========================================================================
Received Import Request.
  Time since last request: 0.000069 seconds.
  path: Assets/LowpolyStreetPack/Prefabs/Roads/Streets/Road_End_A.prefab
  artifactKey: Guid(46aceb8c4fbd8a3478e3bb41629a9afd) Importer(815301076,1909f56bfc062723c751e8b465ee728b)
Start importing Assets/LowpolyStreetPack/Prefabs/Roads/Streets/Road_End_A.prefab using Guid(46aceb8c4fbd8a3478e3bb41629a9afd) Importer(815301076,1909f56bfc062723c751e8b465ee728b)  -> (artifact id: '928e49697ec02d940fc5cc90bf0e0b6c') in 0.062797 seconds
Number of updated asset objects reloaded before import = 0
Number of asset objects unloaded after import = 10
========================================================================
Received Import Request.
  Time since last request: 0.000067 seconds.
  path: Assets/LowpolyStreetPack/Prefabs/Roads/Streets/Road_Crosswalk_Double.prefab
  artifactKey: Guid(86b090b788ee3da4bb8f8d7df751821e) Importer(815301076,1909f56bfc062723c751e8b465ee728b)
Start importing Assets/LowpolyStreetPack/Prefabs/Roads/Streets/Road_Crosswalk_Double.prefab using Guid(86b090b788ee3da4bb8f8d7df751821e) Importer(815301076,1909f56bfc062723c751e8b465ee728b)  -> (artifact id: 'fcb546a13bfe6b649384b06736014aef') in 0.071816 seconds
Number of updated asset objects reloaded before import = 0
Number of asset objects unloaded after import = 10
========================================================================
Received Import Request.
  Time since last request: 0.000027 seconds.
  path: Assets/LowpolyStreetPack/Prefabs/Roads/Streets/Road_Intersection_B.prefab
  artifactKey: Guid(36d6331372523c942ae5c5978bcd7cbf) Importer(815301076,1909f56bfc062723c751e8b465ee728b)
Start importing Assets/LowpolyStreetPack/Prefabs/Roads/Streets/Road_Intersection_B.prefab using Guid(36d6331372523c942ae5c5978bcd7cbf) Importer(815301076,1909f56bfc062723c751e8b465ee728b)  -> (artifact id: '692644a8baa442368913cc029bd54d06') in 0.067255 seconds
Number of updated asset objects reloaded before import = 0
Number of asset objects unloaded after import = 10
========================================================================
Received Import Request.
  Time since last request: 0.000040 seconds.
  path: Assets/LowpolyStreetPack/Prefabs/Roads/Streets/Road_Crosswalk.prefab
  artifactKey: Guid(38879fb80d2211342b5c6e8ca726f2f5) Importer(815301076,1909f56bfc062723c751e8b465ee728b)
Start importing Assets/LowpolyStreetPack/Prefabs/Roads/Streets/Road_Crosswalk.prefab using Guid(38879fb80d2211342b5c6e8ca726f2f5) Importer(815301076,1909f56bfc062723c751e8b465ee728b)  -> (artifact id: '94033a24206adc7199ee5ee86f51595a') in 0.055877 seconds
Number of updated asset objects reloaded before import = 0
Number of asset objects unloaded after import = 10
========================================================================
Received Import Request.
  Time since last request: 0.000053 seconds.
  path: Assets/LowpolyStreetPack/Prefabs/Roads/Streets/Road_Streight_Double_A.prefab
  artifactKey: Guid(d7d436d613cf3c04391992a34ceb777e) Importer(815301076,1909f56bfc062723c751e8b465ee728b)
Start importing Assets/LowpolyStreetPack/Prefabs/Roads/Streets/Road_Streight_Double_A.prefab using Guid(d7d436d613cf3c04391992a34ceb777e) Importer(815301076,1909f56bfc062723c751e8b465ee728b)  -> (artifact id: '9c83c868762c5048cede65168400ea1d') in 0.053095 seconds
Number of updated asset objects reloaded before import = 0
Number of asset objects unloaded after import = 10
========================================================================
Received Import Request.
  Time since last request: 0.000025 seconds.
  path: Assets/LowpolyStreetPack/Prefabs/Roads/Streets/Road_Turn_Double.prefab
  artifactKey: Guid(0bed13eadab93f14aaf58d070ad123d6) Importer(815301076,1909f56bfc062723c751e8b465ee728b)
Start importing Assets/LowpolyStreetPack/Prefabs/Roads/Streets/Road_Turn_Double.prefab using Guid(0bed13eadab93f14aaf58d070ad123d6) Importer(815301076,1909f56bfc062723c751e8b465ee728b)  -> (artifact id: '604e9a8cef9a8eaabb9a335df069780d') in 0.050880 seconds
Number of updated asset objects reloaded before import = 0
Number of asset objects unloaded after import = 10
========================================================================
Received Import Request.
  Time since last request: 3.830174 seconds.
  path: Assets/LowpolyStreetPack/Prefabs/StreetProps/Bench/Bench_B.prefab
  artifactKey: Guid(5cd02694d41c0254e951ddd6df1991ab) Importer(815301076,1909f56bfc062723c751e8b465ee728b)
Start importing Assets/LowpolyStreetPack/Prefabs/StreetProps/Bench/Bench_B.prefab using Guid(5cd02694d41c0254e951ddd6df1991ab) Importer(815301076,1909f56bfc062723c751e8b465ee728b)  -> (artifact id: 'a404fe7855b3fb6da9fe8c0eaa478e08') in 0.050211 seconds
Number of updated asset objects reloaded before import = 0
Number of asset objects unloaded after import = 10
========================================================================
Received Import Request.
  Time since last request: 23.642557 seconds.
  path: Assets/LowpolyStreetPack/Prefabs/StreetProps/TraficLights/LampPost_B.prefab
  artifactKey: Guid(cda5993f7f6d6ab409ec03d0c5a85c1c) Importer(815301076,1909f56bfc062723c751e8b465ee728b)
Start importing Assets/LowpolyStreetPack/Prefabs/StreetProps/TraficLights/LampPost_B.prefab using Guid(cda5993f7f6d6ab409ec03d0c5a85c1c) Importer(815301076,1909f56bfc062723c751e8b465ee728b)  -> (artifact id: 'b1a3a5586e5986dff16f078eabf6a62d') in 0.050968 seconds
Number of updated asset objects reloaded before import = 0
Number of asset objects unloaded after import = 25
========================================================================
Received Import Request.
  Time since last request: 0.000033 seconds.
  path: Assets/LowpolyStreetPack/Prefabs/StreetProps/TraficLights/LampPost_G.prefab
  artifactKey: Guid(c00fcb9c5891df24683f778e18dbcf7f) Importer(815301076,1909f56bfc062723c751e8b465ee728b)
Start importing Assets/LowpolyStreetPack/Prefabs/StreetProps/TraficLights/LampPost_G.prefab using Guid(c00fcb9c5891df24683f778e18dbcf7f) Importer(815301076,1909f56bfc062723c751e8b465ee728b)  -> (artifact id: '188d02e989a501b999c125bd21d6f4a5') in 0.122736 seconds
Number of updated asset objects reloaded before import = 0
Number of asset objects unloaded after import = 40
========================================================================
Received Import Request.
  Time since last request: 0.000038 seconds.
  path: Assets/LowpolyStreetPack/Prefabs/StreetProps/TraficLights/LampPost_I.prefab
  artifactKey: Guid(1f2fa3a64566519459d43669bf89c0e4) Importer(815301076,1909f56bfc062723c751e8b465ee728b)
Start importing Assets/LowpolyStreetPack/Prefabs/StreetProps/TraficLights/LampPost_I.prefab using Guid(1f2fa3a64566519459d43669bf89c0e4) Importer(815301076,1909f56bfc062723c751e8b465ee728b)  -> (artifact id: 'bbe94259db2cea0b9a33be111c86ca69') in 0.051053 seconds
Number of updated asset objects reloaded before import = 0
Number of asset objects unloaded after import = 49
========================================================================
Received Import Request.
  Time since last request: 6.591865 seconds.
  path: Assets/LowpolyStreetPack/Prefabs/StreetProps/Signs/StreetSigns/StreetSign_B.prefab
  artifactKey: Guid(05fc8e63a1ec96c47a9e6318e0d4b6e6) Importer(815301076,1909f56bfc062723c751e8b465ee728b)
Start importing Assets/LowpolyStreetPack/Prefabs/StreetProps/Signs/StreetSigns/StreetSign_B.prefab using Guid(05fc8e63a1ec96c47a9e6318e0d4b6e6) Importer(815301076,1909f56bfc062723c751e8b465ee728b)  -> (artifact id: '019c36843730bedb7ff780a666cf380f') in 0.044230 seconds
Number of updated asset objects reloaded before import = 0
Number of asset objects unloaded after import = 10
========================================================================
Received Import Request.
  Time since last request: 0.000039 seconds.
  path: Assets/LowpolyStreetPack/Prefabs/StreetProps/Signs/StreetSigns/StreetSign_D.prefab
  artifactKey: Guid(51f6553b59ac57543a3411dfbf35281a) Importer(815301076,1909f56bfc062723c751e8b465ee728b)
Start importing Assets/LowpolyStreetPack/Prefabs/StreetProps/Signs/StreetSigns/StreetSign_D.prefab using Guid(51f6553b59ac57543a3411dfbf35281a) Importer(815301076,1909f56bfc062723c751e8b465ee728b)  -> (artifact id: '0dbd3cbf450f926195e8afb54025e18c') in 0.054235 seconds
Number of updated asset objects reloaded before import = 0
Number of asset objects unloaded after import = 10
========================================================================
Received Import Request.
  Time since last request: 0.000022 seconds.
  path: Assets/LowpolyStreetPack/Prefabs/StreetProps/Signs/StreetSigns/StreetSign_G.prefab
  artifactKey: Guid(aceb31403336b2b45bd74f4748b83b90) Importer(815301076,1909f56bfc062723c751e8b465ee728b)
Start importing Assets/LowpolyStreetPack/Prefabs/StreetProps/Signs/StreetSigns/StreetSign_G.prefab using Guid(aceb31403336b2b45bd74f4748b83b90) Importer(815301076,1909f56bfc062723c751e8b465ee728b)  -> (artifact id: '5a3b8245f5d7de8193097659cc582752') in 0.029249 seconds
Number of updated asset objects reloaded before import = 0
Number of asset objects unloaded after import = 10
========================================================================
Received Import Request.
  Time since last request: 1.875682 seconds.
  path: Assets/LowpolyStreetPack/Prefabs/StreetProps/Signs/HighwaySigns/HighwaySign_B.prefab
  artifactKey: Guid(a8947352206dba347a89a528a831ec4f) Importer(815301076,1909f56bfc062723c751e8b465ee728b)
Start importing Assets/LowpolyStreetPack/Prefabs/StreetProps/Signs/HighwaySigns/HighwaySign_B.prefab using Guid(a8947352206dba347a89a528a831ec4f) Importer(815301076,1909f56bfc062723c751e8b465ee728b)  -> (artifact id: '43a073e914fb317a545d7f270d9ceb1b') in 0.237111 seconds
Number of updated asset objects reloaded before import = 0
Number of asset objects unloaded after import = 13
========================================================================
Received Import Request.
  Time since last request: 3.055488 seconds.
  path: Assets/LowpolyStreetPack/Prefabs/StreetProps/SewerCaps/SewerCap_B.prefab
  artifactKey: Guid(91f1e76099c83554f834694bd8cacdca) Importer(815301076,1909f56bfc062723c751e8b465ee728b)
Start importing Assets/LowpolyStreetPack/Prefabs/StreetProps/SewerCaps/SewerCap_B.prefab using Guid(91f1e76099c83554f834694bd8cacdca) Importer(815301076,1909f56bfc062723c751e8b465ee728b)  -> (artifact id: '9246f629fc48f06acd672e897f600984') in 0.038866 seconds
Number of updated asset objects reloaded before import = 0
Number of asset objects unloaded after import = 9
========================================================================
Received Import Request.
  Time since last request: 9.944051 seconds.
  path: Assets/LowpolyStreetPack/Prefabs/StreetProps/Overpass/Overpass_B.prefab
  artifactKey: Guid(378251485ccc2214689266705249d0a2) Importer(815301076,1909f56bfc062723c751e8b465ee728b)
Start importing Assets/LowpolyStreetPack/Prefabs/StreetProps/Overpass/Overpass_B.prefab using Guid(378251485ccc2214689266705249d0a2) Importer(815301076,1909f56bfc062723c751e8b465ee728b)  -> (artifact id: '53cd5669ec989749281e44cd948a62fd') in 0.042327 seconds
Number of updated asset objects reloaded before import = 0
Number of asset objects unloaded after import = 13
========================================================================
Received Import Request.
  Time since last request: 6.588107 seconds.
  path: Assets/LowpolyStreetPack/Prefabs/StreetProps/PlantPots/QuickBuild/PlantPot_A_V02.prefab
  artifactKey: Guid(ae2d71bb1caf5d443b147e96284f03f4) Importer(815301076,1909f56bfc062723c751e8b465ee728b)
Start importing Assets/LowpolyStreetPack/Prefabs/StreetProps/PlantPots/QuickBuild/PlantPot_A_V02.prefab using Guid(ae2d71bb1caf5d443b147e96284f03f4) Importer(815301076,1909f56bfc062723c751e8b465ee728b)  -> (artifact id: '0e9d0817cfb13937c0450ac4c0187977') in 0.142399 seconds
Number of updated asset objects reloaded before import = 0
Number of asset objects unloaded after import = 22
========================================================================
Received Import Request.
  Time since last request: 0.000048 seconds.
  path: Assets/LowpolyStreetPack/Prefabs/StreetProps/PlantPots/QuickBuild/PlantPot_D_V02.prefab
  artifactKey: Guid(415ae327681e843459645b9ef3f3a4db) Importer(815301076,1909f56bfc062723c751e8b465ee728b)
Start importing Assets/LowpolyStreetPack/Prefabs/StreetProps/PlantPots/QuickBuild/PlantPot_D_V02.prefab using Guid(415ae327681e843459645b9ef3f3a4db) Importer(815301076,1909f56bfc062723c751e8b465ee728b)  -> (artifact id: '7d9decc73de4c8270320915e2af32f19') in 0.054928 seconds
Number of updated asset objects reloaded before import = 0
Number of asset objects unloaded after import = 40
========================================================================
Received Import Request.
  Time since last request: 0.000028 seconds.
  path: Assets/LowpolyStreetPack/Prefabs/StreetProps/PlantPots/QuickBuild/PlantPot_A_V06.prefab
  artifactKey: Guid(347ada20f0d4e3b4fb00956605422db5) Importer(815301076,1909f56bfc062723c751e8b465ee728b)
Start importing Assets/LowpolyStreetPack/Prefabs/StreetProps/PlantPots/QuickBuild/PlantPot_A_V06.prefab using Guid(347ada20f0d4e3b4fb00956605422db5) Importer(815301076,1909f56bfc062723c751e8b465ee728b)  -> (artifact id: 'a400268718cc4ff72e49993aea3c9dda') in 0.049869 seconds
Number of updated asset objects reloaded before import = 0
Number of asset objects unloaded after import = 22
========================================================================
Received Import Request.
  Time since last request: 0.000026 seconds.
  path: Assets/LowpolyStreetPack/Prefabs/StreetProps/PlantPots/QuickBuild/PlantPot_A_V04.prefab
  artifactKey: Guid(c32ee39a32e7ce745be3e321898dc615) Importer(815301076,1909f56bfc062723c751e8b465ee728b)
Start importing Assets/LowpolyStreetPack/Prefabs/StreetProps/PlantPots/QuickBuild/PlantPot_A_V04.prefab using Guid(c32ee39a32e7ce745be3e321898dc615) Importer(815301076,1909f56bfc062723c751e8b465ee728b)  -> (artifact id: 'fb56ddef3d09c325f025b9e13ba7aac0') in 0.058631 seconds
Number of updated asset objects reloaded before import = 0
Number of asset objects unloaded after import = 22
========================================================================
Received Import Request.
  Time since last request: 0.000038 seconds.
  path: Assets/LowpolyStreetPack/Prefabs/StreetProps/PlantPots/QuickBuild/PlantPot_A_V05.prefab
  artifactKey: Guid(1b50922de90e0654cbf5db85af07e8dc) Importer(815301076,1909f56bfc062723c751e8b465ee728b)
Start importing Assets/LowpolyStreetPack/Prefabs/StreetProps/PlantPots/QuickBuild/PlantPot_A_V05.prefab using Guid(1b50922de90e0654cbf5db85af07e8dc) Importer(815301076,1909f56bfc062723c751e8b465ee728b)  -> (artifact id: '3d46fbfdbd01af17074bd3a69323984b') in 0.061489 seconds
Number of updated asset objects reloaded before import = 0
Number of asset objects unloaded after import = 22
========================================================================
Received Import Request.
  Time since last request: 3.289754 seconds.
  path: Assets/LowpolyStreetPack/Prefabs/StreetProps/Powerpoles/Powerpole_A_B.prefab
  artifactKey: Guid(a652bb91708f8054b9d0821a1e4e8cf2) Importer(815301076,1909f56bfc062723c751e8b465ee728b)
Start importing Assets/LowpolyStreetPack/Prefabs/StreetProps/Powerpoles/Powerpole_A_B.prefab using Guid(a652bb91708f8054b9d0821a1e4e8cf2) Importer(815301076,1909f56bfc062723c751e8b465ee728b)  -> (artifact id: '2777bb1b37ffe8c52c5262799acffafe') in 0.047458 seconds
Number of updated asset objects reloaded before import = 0
Number of asset objects unloaded after import = 10
========================================================================
Received Import Request.
  Time since last request: 2.368266 seconds.
  path: Assets/LowpolyStreetPack/Prefabs/StreetProps/RoadBlocks/RoadBlock_B.prefab
  artifactKey: Guid(68168b1d080f7ff4da5ac899be391c39) Importer(815301076,1909f56bfc062723c751e8b465ee728b)
Start importing Assets/LowpolyStreetPack/Prefabs/StreetProps/RoadBlocks/RoadBlock_B.prefab using Guid(68168b1d080f7ff4da5ac899be391c39) Importer(815301076,1909f56bfc062723c751e8b465ee728b)  -> (artifact id: '6b67a92b8fa000ebb9f3421a42829136') in 0.048319 seconds
Number of updated asset objects reloaded before import = 0
Number of asset objects unloaded after import = 10
========================================================================
Received Import Request.
  Time since last request: 0.000034 seconds.
  path: Assets/LowpolyStreetPack/Prefabs/StreetProps/RoadBlocks/RoadCone_D.prefab
  artifactKey: Guid(80f76393a8f65094d914dbd03577aec2) Importer(815301076,1909f56bfc062723c751e8b465ee728b)
Start importing Assets/LowpolyStreetPack/Prefabs/StreetProps/RoadBlocks/RoadCone_D.prefab using Guid(80f76393a8f65094d914dbd03577aec2) Importer(815301076,1909f56bfc062723c751e8b465ee728b)  -> (artifact id: '9ce713eb3e37ce14e01af9168df2bc19') in 0.050427 seconds
Number of updated asset objects reloaded before import = 0
Number of asset objects unloaded after import = 10
Editor requested this worker to shutdown with reason: Scaling down because of idle timeout
TcpMessagingSession - receive error: operation aborted. errorcode: 995, details: Bir iþ parçacýðý çýkýþý veya bir uygulama isteði nedeniyle G/Ç iþlemi iptal edildi.
AssetImportWorker is now disconnected from the server
Process exiting
Exiting without the bug reporter. Application will terminate with return code 0